0 info it worked if it ends with ok
1 verbose cli [ 'node', '/usr/local/bin/npm', 'install' ]
2 info using npm@1.4.28
3 info using node@v0.10.32
4 warn package.json meadowlark@1.0.0 No repository field.
5 warn package.json meadowlark@1.0.0 No README data
6 verbose readDependencies using package.json deps
7 verbose install where, deps [ '/Users/luisoscategui/2015/Cursos/Practice/NodeExpress/WebDevelopmentWithNodeAndExpress',
7 verbose install   [ 'express', 'jade', 'chai', 'mocha' ] ]
8 info preinstall meadowlark@1.0.0
9 verbose readDependencies using package.json deps
10 verbose already installed skipping express@^4.12.4 /Users/luisoscategui/2015/Cursos/Practice/NodeExpress/WebDevelopmentWithNodeAndExpress
11 verbose cache add [ 'jade@^1.10.0', null ]
12 verbose cache add name=undefined spec="jade@^1.10.0" args=["jade@^1.10.0",null]
13 verbose parsed url { protocol: null,
13 verbose parsed url   slashes: null,
13 verbose parsed url   auth: null,
13 verbose parsed url   host: null,
13 verbose parsed url   port: null,
13 verbose parsed url   hostname: null,
13 verbose parsed url   hash: null,
13 verbose parsed url   search: null,
13 verbose parsed url   query: null,
13 verbose parsed url   pathname: 'jade@^1.10.0',
13 verbose parsed url   path: 'jade@^1.10.0',
13 verbose parsed url   href: 'jade@^1.10.0' }
14 verbose cache add [ 'chai@^3.0.0', null ]
15 verbose cache add name=undefined spec="chai@^3.0.0" args=["chai@^3.0.0",null]
16 verbose parsed url { protocol: null,
16 verbose parsed url   slashes: null,
16 verbose parsed url   auth: null,
16 verbose parsed url   host: null,
16 verbose parsed url   port: null,
16 verbose parsed url   hostname: null,
16 verbose parsed url   hash: null,
16 verbose parsed url   search: null,
16 verbose parsed url   query: null,
16 verbose parsed url   pathname: 'chai@^3.0.0',
16 verbose parsed url   path: 'chai@^3.0.0',
16 verbose parsed url   href: 'chai@^3.0.0' }
17 verbose cache add name="jade" spec="^1.10.0" args=["jade","^1.10.0"]
18 verbose parsed url { protocol: null,
18 verbose parsed url   slashes: null,
18 verbose parsed url   auth: null,
18 verbose parsed url   host: null,
18 verbose parsed url   port: null,
18 verbose parsed url   hostname: null,
18 verbose parsed url   hash: null,
18 verbose parsed url   search: null,
18 verbose parsed url   query: null,
18 verbose parsed url   pathname: '^1.10.0',
18 verbose parsed url   path: '^1.10.0',
18 verbose parsed url   href: '^1.10.0' }
19 verbose addNamed [ 'jade', '^1.10.0' ]
20 verbose addNamed [ null, '>=1.10.0-0 <2.0.0-0' ]
21 verbose cache add name="chai" spec="^3.0.0" args=["chai","^3.0.0"]
22 verbose parsed url { protocol: null,
22 verbose parsed url   slashes: null,
22 verbose parsed url   auth: null,
22 verbose parsed url   host: null,
22 verbose parsed url   port: null,
22 verbose parsed url   hostname: null,
22 verbose parsed url   hash: null,
22 verbose parsed url   search: null,
22 verbose parsed url   query: null,
22 verbose parsed url   pathname: '^3.0.0',
22 verbose parsed url   path: '^3.0.0',
22 verbose parsed url   href: '^3.0.0' }
23 verbose addNamed [ 'chai', '^3.0.0' ]
24 verbose addNamed [ null, '>=3.0.0-0 <4.0.0-0' ]
25 verbose cache add [ 'mocha@^2.2.5', null ]
26 verbose cache add name=undefined spec="mocha@^2.2.5" args=["mocha@^2.2.5",null]
27 verbose parsed url { protocol: null,
27 verbose parsed url   slashes: null,
27 verbose parsed url   auth: null,
27 verbose parsed url   host: null,
27 verbose parsed url   port: null,
27 verbose parsed url   hostname: null,
27 verbose parsed url   hash: null,
27 verbose parsed url   search: null,
27 verbose parsed url   query: null,
27 verbose parsed url   pathname: 'mocha@^2.2.5',
27 verbose parsed url   path: 'mocha@^2.2.5',
27 verbose parsed url   href: 'mocha@^2.2.5' }
28 silly lockFile 550ebe48-jade-1-10-0 jade@^1.10.0
29 verbose lock jade@^1.10.0 /Users/luisoscategui/.npm/550ebe48-jade-1-10-0.lock
30 silly lockFile 49098e9e-chai-3-0-0 chai@^3.0.0
31 verbose lock chai@^3.0.0 /Users/luisoscategui/.npm/49098e9e-chai-3-0-0.lock
32 verbose cache add name="mocha" spec="^2.2.5" args=["mocha","^2.2.5"]
33 verbose parsed url { protocol: null,
33 verbose parsed url   slashes: null,
33 verbose parsed url   auth: null,
33 verbose parsed url   host: null,
33 verbose parsed url   port: null,
33 verbose parsed url   hostname: null,
33 verbose parsed url   hash: null,
33 verbose parsed url   search: null,
33 verbose parsed url   query: null,
33 verbose parsed url   pathname: '^2.2.5',
33 verbose parsed url   path: '^2.2.5',
33 verbose parsed url   href: '^2.2.5' }
34 verbose addNamed [ 'mocha', '^2.2.5' ]
35 verbose addNamed [ null, '>=2.2.5-0 <3.0.0-0' ]
36 silly lockFile cbb9b72e-mocha-2-2-5 mocha@^2.2.5
37 verbose lock mocha@^2.2.5 /Users/luisoscategui/.npm/cbb9b72e-mocha-2-2-5.lock
38 silly addNameRange { name: 'jade', range: '>=1.10.0-0 <2.0.0-0', hasData: false }
39 silly addNameRange { name: 'chai', range: '>=3.0.0-0 <4.0.0-0', hasData: false }
40 silly addNameRange { name: 'mocha', range: '>=2.2.5-0 <3.0.0-0', hasData: false }
41 verbose request where is /jade
42 verbose request registry https://registry.npmjs.org/
43 verbose request id 472a06a70978d65d
44 verbose url raw /jade
45 verbose url resolving [ 'https://registry.npmjs.org/', './jade' ]
46 verbose url resolved https://registry.npmjs.org/jade
47 verbose request where is https://registry.npmjs.org/jade
48 info trying registry request attempt 1 at 06:30:42
49 verbose etag "24PJ3MBTXS2675T836VBMLPOY"
50 http GET https://registry.npmjs.org/jade
51 verbose request where is /chai
52 verbose request registry https://registry.npmjs.org/
53 verbose url raw /chai
54 verbose url resolving [ 'https://registry.npmjs.org/', './chai' ]
55 verbose url resolved https://registry.npmjs.org/chai
56 verbose request where is https://registry.npmjs.org/chai
57 info trying registry request attempt 1 at 06:30:42
58 verbose etag "OTI4TJUZ19WVZ6V8D3NDW5IT"
59 http GET https://registry.npmjs.org/chai
60 verbose request where is /mocha
61 verbose request registry https://registry.npmjs.org/
62 verbose url raw /mocha
63 verbose url resolving [ 'https://registry.npmjs.org/', './mocha' ]
64 verbose url resolved https://registry.npmjs.org/mocha
65 verbose request where is https://registry.npmjs.org/mocha
66 info trying registry request attempt 1 at 06:30:42
67 verbose etag "8H1LTW130HUKOHX6KNLUBVW4K"
68 http GET https://registry.npmjs.org/mocha
69 http 304 https://registry.npmjs.org/jade
70 silly registry.get cb [ 304,
70 silly registry.get   { date: 'Sat, 13 Jun 2015 11:26:53 GMT',
70 silly registry.get     via: '1.1 varnish',
70 silly registry.get     'cache-control': 'max-age=60',
70 silly registry.get     etag: '"24PJ3MBTXS2675T836VBMLPOY"',
70 silly registry.get     age: '49',
70 silly registry.get     connection: 'keep-alive',
70 silly registry.get     'x-served-by': 'cache-atl6228-ATL',
70 silly registry.get     'x-cache': 'HIT',
70 silly registry.get     'x-cache-hits': '1',
70 silly registry.get     'x-timer': 'S1434194813.692139,VS0,VE1',
70 silly registry.get     vary: 'Accept' } ]
71 verbose etag https://registry.npmjs.org/jade from cache
72 silly addNameRange number 2 { name: 'jade', range: '>=1.10.0-0 <2.0.0-0', hasData: true }
73 silly addNameRange versions [ 'jade',
73 silly addNameRange   [ '0.0.1',
73 silly addNameRange     '0.0.2',
73 silly addNameRange     '0.1.0',
73 silly addNameRange     '0.2.0',
73 silly addNameRange     '0.2.1',
73 silly addNameRange     '0.2.2',
73 silly addNameRange     '0.2.3',
73 silly addNameRange     '0.2.4',
73 silly addNameRange     '0.3.0',
73 silly addNameRange     '0.4.0',
73 silly addNameRange     '0.4.1',
73 silly addNameRange     '0.5.0',
73 silly addNameRange     '0.5.1',
73 silly addNameRange     '0.5.2',
73 silly addNameRange     '0.5.3',
73 silly addNameRange     '0.5.4',
73 silly addNameRange     '0.5.5',
73 silly addNameRange     '0.5.6',
73 silly addNameRange     '0.5.7',
73 silly addNameRange     '0.6.0',
73 silly addNameRange     '0.6.1',
73 silly addNameRange     '0.6.3',
73 silly addNameRange     '0.7.0',
73 silly addNameRange     '0.7.1',
73 silly addNameRange     '0.8.0',
73 silly addNameRange     '0.8.1',
73 silly addNameRange     '0.8.2',
73 silly addNameRange     '0.8.3',
73 silly addNameRange     '0.8.4',
73 silly addNameRange     '0.8.5',
73 silly addNameRange     '0.8.6',
73 silly addNameRange     '0.8.7',
73 silly addNameRange     '0.8.8',
73 silly addNameRange     '0.8.9',
73 silly addNameRange     '0.9.0',
73 silly addNameRange     '0.9.1',
73 silly addNameRange     '0.9.2',
73 silly addNameRange     '0.9.3',
73 silly addNameRange     '0.10.0',
73 silly addNameRange     '0.10.1',
73 silly addNameRange     '0.10.2',
73 silly addNameRange     '0.10.3',
73 silly addNameRange     '0.10.4',
73 silly addNameRange     '0.10.5',
73 silly addNameRange     '0.10.6',
73 silly addNameRange     '0.10.7',
73 silly addNameRange     '0.11.0',
73 silly addNameRange     '0.11.1',
73 silly addNameRange     '0.12.0',
73 silly addNameRange     '0.12.1',
73 silly addNameRange     '0.12.2',
73 silly addNameRange     '0.12.3',
73 silly addNameRange     '0.12.4',
73 silly addNameRange     '0.13.0',
73 silly addNameRange     '0.14.0',
73 silly addNameRange     '0.14.1',
73 silly addNameRange     '0.14.2',
73 silly addNameRange     '0.15.0',
73 silly addNameRange     '0.15.1',
73 silly addNameRange     '0.15.2',
73 silly addNameRange     '0.15.3',
73 silly addNameRange     '0.15.4',
73 silly addNameRange     '0.16.0',
73 silly addNameRange     '0.16.1',
73 silly addNameRange     '0.16.2',
73 silly addNameRange     '0.16.3',
73 silly addNameRange     '0.16.4',
73 silly addNameRange     '0.17.0',
73 silly addNameRange     '0.18.0',
73 silly addNameRange     '0.19.0',
73 silly addNameRange     '0.20.0',
73 silly addNameRange     '0.20.1',
73 silly addNameRange     '0.20.2',
73 silly addNameRange     '0.20.3',
73 silly addNameRange     '0.21.0',
73 silly addNameRange     '0.22.0',
73 silly addNameRange     '0.22.1',
73 silly addNameRange     '0.23.0',
73 silly addNameRange     '0.24.0',
73 silly addNameRange     '0.25.0',
73 silly addNameRange     '0.26.0',
73 silly addNameRange     '0.26.1',
73 silly addNameRange     '0.26.2',
73 silly addNameRange     '0.26.3',
73 silly addNameRange     '0.27.0',
73 silly addNameRange     '0.27.1',
73 silly addNameRange     '0.27.2',
73 silly addNameRange     '0.27.3',
73 silly addNameRange     '0.27.4',
73 silly addNameRange     '0.27.5',
73 silly addNameRange     '0.27.6',
73 silly addNameRange     '0.27.7',
73 silly addNameRange     '0.28.0',
73 silly addNameRange     '0.28.1',
73 silly addNameRange     '0.28.2',
73 silly addNameRange     '0.29.0',
73 silly addNameRange     '0.30.0',
73 silly addNameRange     '0.31.0',
73 silly addNameRange     '0.31.1',
73 silly addNameRange     '0.31.2',
73 silly addNameRange     '0.32.0',
73 silly addNameRange     '0.33.0',
73 silly addNameRange     '0.34.0',
73 silly addNameRange     '0.34.1',
73 silly addNameRange     '0.35.0',
73 silly addNameRange     '1.0.0',
73 silly addNameRange     '1.0.1',
73 silly addNameRange     '1.0.2',
73 silly addNameRange     '1.1.0',
73 silly addNameRange     '1.1.1',
73 silly addNameRange     '1.1.2',
73 silly addNameRange     '1.1.3',
73 silly addNameRange     '1.1.4',
73 silly addNameRange     '1.1.5',
73 silly addNameRange     '1.2.0',
73 silly addNameRange     '1.3.0',
73 silly addNameRange     '1.3.1',
73 silly addNameRange     '1.4.0',
73 silly addNameRange     '1.4.1',
73 silly addNameRange     '1.4.2',
73 silly addNameRange     '1.5.0',
73 silly addNameRange     '1.6.0',
73 silly addNameRange     '1.7.0',
73 silly addNameRange     '1.8.0',
73 silly addNameRange     '1.8.1',
73 silly addNameRange     '1.8.2',
73 silly addNameRange     '1.9.0',
73 silly addNameRange     '1.9.1',
73 silly addNameRange     '1.9.2',
73 silly addNameRange     '1.10.0',
73 silly addNameRange     '1.11.0' ] ]
74 verbose addNamed [ 'jade', '1.11.0' ]
75 verbose addNamed [ '1.11.0', '1.11.0' ]
76 silly lockFile 3da033ff-jade-1-11-0 jade@1.11.0
77 verbose lock jade@1.11.0 /Users/luisoscategui/.npm/3da033ff-jade-1-11-0.lock
78 http 304 https://registry.npmjs.org/chai
79 silly registry.get cb [ 304,
79 silly registry.get   { date: 'Sat, 13 Jun 2015 11:26:53 GMT',
79 silly registry.get     via: '1.1 varnish',
79 silly registry.get     'cache-control': 'max-age=60',
79 silly registry.get     etag: '"OTI4TJUZ19WVZ6V8D3NDW5IT"',
79 silly registry.get     age: '45',
79 silly registry.get     connection: 'keep-alive',
79 silly registry.get     'x-served-by': 'cache-atl6232-ATL',
79 silly registry.get     'x-cache': 'HIT',
79 silly registry.get     'x-cache-hits': '1',
79 silly registry.get     'x-timer': 'S1434194813.721001,VS0,VE1',
79 silly registry.get     vary: 'Accept' } ]
80 verbose etag https://registry.npmjs.org/chai from cache
81 silly lockFile d7f8e295-y-npmjs-org-jade-jade-1-11-0-tgz https://registry.npmjs.org/jade/-/jade-1.11.0.tgz
82 verbose lock https://registry.npmjs.org/jade/-/jade-1.11.0.tgz /Users/luisoscategui/.npm/d7f8e295-y-npmjs-org-jade-jade-1-11-0-tgz.lock
83 verbose addRemoteTarball [ 'https://registry.npmjs.org/jade/-/jade-1.11.0.tgz',
83 verbose addRemoteTarball   '9c80e538c12d3fb95c8d9bb9559fa0cc040405fd' ]
84 silly addNameRange number 2 { name: 'chai', range: '>=3.0.0-0 <4.0.0-0', hasData: true }
85 silly addNameRange versions [ 'chai',
85 silly addNameRange   [ '0.0.1',
85 silly addNameRange     '0.0.2',
85 silly addNameRange     '0.1.0',
85 silly addNameRange     '0.1.1',
85 silly addNameRange     '0.1.2',
85 silly addNameRange     '0.1.3',
85 silly addNameRange     '0.1.4',
85 silly addNameRange     '0.1.5',
85 silly addNameRange     '0.1.6',
85 silly addNameRange     '0.1.7',
85 silly addNameRange     '0.2.0',
85 silly addNameRange     '0.2.1',
85 silly addNameRange     '0.2.2',
85 silly addNameRange     '0.2.3',
85 silly addNameRange     '0.2.4',
85 silly addNameRange     '0.3.0',
85 silly addNameRange     '0.3.1',
85 silly addNameRange     '0.3.2',
85 silly addNameRange     '0.3.3',
85 silly addNameRange     '0.3.4',
85 silly addNameRange     '0.4.0',
85 silly addNameRange     '0.4.1',
85 silly addNameRange     '0.4.2',
85 silly addNameRange     '0.5.0',
85 silly addNameRange     '0.5.1',
85 silly addNameRange     '0.5.2',
85 silly addNameRange     '0.5.3',
85 silly addNameRange     '1.0.0',
85 silly addNameRange     '1.0.1',
85 silly addNameRange     '1.0.2',
85 silly addNameRange     '1.0.3',
85 silly addNameRange     '1.0.4',
85 silly addNameRange     '1.1.0',
85 silly addNameRange     '1.1.1',
85 silly addNameRange     '1.2.0',
85 silly addNameRange     '1.3.0',
85 silly addNameRange     '1.4.0',
85 silly addNameRange     '1.4.1',
85 silly addNameRange     '1.4.2',
85 silly addNameRange     '1.5.0',
85 silly addNameRange     '1.6.0',
85 silly addNameRange     '1.6.1',
85 silly addNameRange     '1.7.0',
85 silly addNameRange     '1.7.1',
85 silly addNameRange     '1.7.2',
85 silly addNameRange     '1.8.0',
85 silly addNameRange     '1.8.1',
85 silly addNameRange     '1.9.0',
85 silly addNameRange     '1.9.1',
85 silly addNameRange     '1.9.2',
85 silly addNameRange     '1.10.0',
85 silly addNameRange     '2.0.0',
85 silly addNameRange     '2.1.0',
85 silly addNameRange     '2.1.1',
85 silly addNameRange     '2.1.2',
85 silly addNameRange     '2.2.0',
85 silly addNameRange     '2.3.0',
85 silly addNameRange     '3.0.0' ] ]
86 verbose addNamed [ 'chai', '3.0.0' ]
87 verbose addNamed [ '3.0.0', '3.0.0' ]
88 silly lockFile 9c45fc5e-chai-3-0-0 chai@3.0.0
89 verbose lock chai@3.0.0 /Users/luisoscategui/.npm/9c45fc5e-chai-3-0-0.lock
90 info retry fetch attempt 1 at 06:30:42
91 verbose fetch to= /var/folders/pm/qwhj8n1n6kb6yybcndvlrw6w0000gn/T/npm-1205-TI_cprAw/registry.npmjs.org/jade/-/jade-1.11.0.tgz
92 http GET https://registry.npmjs.org/jade/-/jade-1.11.0.tgz
93 silly lockFile 9c45fc5e-chai-3-0-0 chai@3.0.0
94 silly lockFile 9c45fc5e-chai-3-0-0 chai@3.0.0
95 silly lockFile 49098e9e-chai-3-0-0 chai@^3.0.0
96 silly lockFile 49098e9e-chai-3-0-0 chai@^3.0.0
97 http 304 https://registry.npmjs.org/mocha
98 silly registry.get cb [ 304,
98 silly registry.get   { date: 'Sat, 13 Jun 2015 11:26:53 GMT',
98 silly registry.get     via: '1.1 varnish',
98 silly registry.get     'cache-control': 'max-age=60',
98 silly registry.get     etag: '"8H1LTW130HUKOHX6KNLUBVW4K"',
98 silly registry.get     age: '0',
98 silly registry.get     connection: 'keep-alive',
98 silly registry.get     'x-served-by': 'cache-atl6222-ATL',
98 silly registry.get     'x-cache': 'HIT',
98 silly registry.get     'x-cache-hits': '1',
98 silly registry.get     'x-timer': 'S1434194813.712762,VS0,VE314',
98 silly registry.get     vary: 'Accept' } ]
99 verbose etag https://registry.npmjs.org/mocha from cache
100 silly addNameRange number 2 { name: 'mocha', range: '>=2.2.5-0 <3.0.0-0', hasData: true }
101 silly addNameRange versions [ 'mocha',
101 silly addNameRange   [ '0.0.1-alpha1',
101 silly addNameRange     '0.0.1-alpha2',
101 silly addNameRange     '0.0.1-alpha3',
101 silly addNameRange     '0.0.1-alpha4',
101 silly addNameRange     '0.0.1-alpha5',
101 silly addNameRange     '0.0.1-alpha6',
101 silly addNameRange     '0.0.1',
101 silly addNameRange     '0.0.2',
101 silly addNameRange     '0.0.3',
101 silly addNameRange     '0.0.4',
101 silly addNameRange     '0.0.5',
101 silly addNameRange     '0.0.6',
101 silly addNameRange     '0.0.7',
101 silly addNameRange     '0.0.8',
101 silly addNameRange     '0.1.0',
101 silly addNameRange     '0.2.0',
101 silly addNameRange     '0.3.0',
101 silly addNameRange     '0.3.1',
101 silly addNameRange     '0.3.2',
101 silly addNameRange     '0.3.3',
101 silly addNameRange     '0.3.4',
101 silly addNameRange     '0.3.6',
101 silly addNameRange     '0.4.0',
101 silly addNameRange     '0.5.0',
101 silly addNameRange     '0.6.0',
101 silly addNameRange     '0.7.0',
101 silly addNameRange     '0.7.1',
101 silly addNameRange     '0.8.0',
101 silly addNameRange     '0.8.1',
101 silly addNameRange     '0.9.0',
101 silly addNameRange     '0.10.0',
101 silly addNameRange     '0.10.1',
101 silly addNameRange     '0.10.2',
101 silly addNameRange     '0.11.0',
101 silly addNameRange     '0.12.0',
101 silly addNameRange     '0.12.1',
101 silly addNameRange     '0.13.0',
101 silly addNameRange     '0.14.0',
101 silly addNameRange     '0.14.1',
101 silly addNameRange     '1.0.0',
101 silly addNameRange     '1.0.1',
101 silly addNameRange     '1.0.2',
101 silly addNameRange     '1.0.3',
101 silly addNameRange     '1.1.0',
101 silly addNameRange     '1.2.0',
101 silly addNameRange     '1.2.1',
101 silly addNameRange     '1.2.2',
101 silly addNameRange     '1.3.0',
101 silly addNameRange     '1.3.1',
101 silly addNameRange     '1.3.2',
101 silly addNameRange     '1.4.0',
101 silly addNameRange     '1.4.1',
101 silly addNameRange     '1.4.2',
101 silly addNameRange     '1.4.3',
101 silly addNameRange     '1.5.0',
101 silly addNameRange     '1.6.0',
101 silly addNameRange     '1.7.0',
101 silly addNameRange     '1.7.1',
101 silly addNameRange     '1.7.2',
101 silly addNameRange     '1.7.3',
101 silly addNameRange     '1.7.4',
101 silly addNameRange     '1.8.0',
101 silly addNameRange     '1.8.1',
101 silly addNameRange     '1.8.2',
101 silly addNameRange     '1.9.0',
101 silly addNameRange     '1.10.0',
101 silly addNameRange     '1.11.0',
101 silly addNameRange     '1.12.0',
101 silly addNameRange     '1.12.1',
101 silly addNameRange     '1.13.0',
101 silly addNameRange     '1.14.0',
101 silly addNameRange     '1.15.0',
101 silly addNameRange     '1.15.1',
101 silly addNameRange     '1.16.0',
101 silly addNameRange     '1.16.1',
101 silly addNameRange     '1.16.2',
101 silly addNameRange     '1.17.0',
101 silly addNameRange     '1.17.1',
101 silly addNameRange     '1.18.0',
101 silly addNameRange     '1.18.1',
101 silly addNameRange     '1.18.2',
101 silly addNameRange     '1.19.0',
101 silly addNameRange     '1.20.0',
101 silly addNameRange     '1.20.1',
101 silly addNameRange     '1.21.0',
101 silly addNameRange     '1.21.1',
101 silly addNameRange     '1.21.2',
101 silly addNameRange     '1.21.3',
101 silly addNameRange     '1.21.4',
101 silly addNameRange     '1.21.5',
101 silly addNameRange     '2.0.0',
101 silly addNameRange     '2.0.1',
101 silly addNameRange     '2.1.0',
101 silly addNameRange     '2.2.0',
101 silly addNameRange     '2.2.1',
101 silly addNameRange     '2.2.3',
101 silly addNameRange     '2.2.4',
101 silly addNameRange     '2.2.5' ] ]
102 verbose addNamed [ 'mocha', '2.2.5' ]
103 verbose addNamed [ '2.2.5', '2.2.5' ]
104 silly lockFile 7cbd0d39-mocha-2-2-5 mocha@2.2.5
105 verbose lock mocha@2.2.5 /Users/luisoscategui/.npm/7cbd0d39-mocha-2-2-5.lock
106 silly lockFile 7cbd0d39-mocha-2-2-5 mocha@2.2.5
107 silly lockFile 7cbd0d39-mocha-2-2-5 mocha@2.2.5
108 silly lockFile cbb9b72e-mocha-2-2-5 mocha@^2.2.5
109 silly lockFile cbb9b72e-mocha-2-2-5 mocha@^2.2.5
110 http 200 https://registry.npmjs.org/jade/-/jade-1.11.0.tgz
111 silly lockFile d7f8e295-y-npmjs-org-jade-jade-1-11-0-tgz https://registry.npmjs.org/jade/-/jade-1.11.0.tgz
112 silly lockFile d7f8e295-y-npmjs-org-jade-jade-1-11-0-tgz https://registry.npmjs.org/jade/-/jade-1.11.0.tgz
113 silly lockFile 3da033ff-jade-1-11-0 jade@1.11.0
114 silly lockFile 3da033ff-jade-1-11-0 jade@1.11.0
115 silly lockFile 550ebe48-jade-1-10-0 jade@^1.10.0
116 silly lockFile 550ebe48-jade-1-10-0 jade@^1.10.0
117 error Error: EACCES, mkdir '/Users/luisoscategui/.npm/jade/1.11.0'
117 error  { [Error: EACCES, mkdir '/Users/luisoscategui/.npm/jade/1.11.0']
117 error   errno: 3,
117 error   code: 'EACCES',
117 error   path: '/Users/luisoscategui/.npm/jade/1.11.0',
117 error   parent: 'meadowlark' }
118 error Please try running this command again as root/Administrator.
119 error System Darwin 14.3.0
120 error command "node" "/usr/local/bin/npm" "install"
121 error cwd /Users/luisoscategui/2015/Cursos/Practice/NodeExpress/WebDevelopmentWithNodeAndExpress
122 error node -v v0.10.32
123 error npm -v 1.4.28
124 error path /Users/luisoscategui/.npm/jade/1.11.0
125 error code EACCES
126 error errno 3
127 error stack Error: EACCES, mkdir '/Users/luisoscategui/.npm/jade/1.11.0'
128 verbose exit [ 3, true ]
