0 info it worked if it ends with ok
1 verbose cli [ 'node', '/usr/local/bin/npm', 'install', 'jade', '--save' ]
2 info using npm@1.4.28
3 info using node@v0.10.32
4 warn package.json meadowlark@1.0.0 No repository field.
5 warn package.json meadowlark@1.0.0 No README data
6 verbose readDependencies using package.json deps
7 verbose cache add [ 'jade', null ]
8 verbose cache add name=undefined spec="jade" args=["jade",null]
9 verbose parsed url { protocol: null,
9 verbose parsed url   slashes: null,
9 verbose parsed url   auth: null,
9 verbose parsed url   host: null,
9 verbose parsed url   port: null,
9 verbose parsed url   hostname: null,
9 verbose parsed url   hash: null,
9 verbose parsed url   search: null,
9 verbose parsed url   query: null,
9 verbose parsed url   pathname: 'jade',
9 verbose parsed url   path: 'jade',
9 verbose parsed url   href: 'jade' }
10 silly lockFile 5bd60fae-jade jade
11 verbose lock jade /Users/luisoscategui/.npm/5bd60fae-jade.lock
12 silly lockFile 5bd60fae-jade jade
13 silly lockFile 5bd60fae-jade jade
14 verbose addNamed [ 'jade', '' ]
15 verbose addNamed [ null, '*' ]
16 silly lockFile 51d481b2-jade jade@
17 verbose lock jade@ /Users/luisoscategui/.npm/51d481b2-jade.lock
18 silly addNameRange { name: 'jade', range: '*', hasData: false }
19 verbose request where is /jade
20 verbose request registry https://registry.npmjs.org/
21 verbose request id 3978711585547a0a
22 verbose url raw /jade
23 verbose url resolving [ 'https://registry.npmjs.org/', './jade' ]
24 verbose url resolved https://registry.npmjs.org/jade
25 verbose request where is https://registry.npmjs.org/jade
26 info trying registry request attempt 1 at 12:44:37
27 verbose etag "37X6FKAD1OFNM61XZ97GFNC1X"
28 http GET https://registry.npmjs.org/jade
29 http 200 https://registry.npmjs.org/jade
30 silly registry.get cb [ 200,
30 silly registry.get   { server: 'CouchDB/1.5.0 (Erlang OTP/R16B03)',
30 silly registry.get     etag: '"D5YPEJGAEG6HO3AYGZ7SBQ89C"',
30 silly registry.get     'content-type': 'application/json',
30 silly registry.get     'cache-control': 'max-age=60',
30 silly registry.get     'content-length': '144528',
30 silly registry.get     'accept-ranges': 'bytes',
30 silly registry.get     date: 'Sun, 07 Jun 2015 17:41:14 GMT',
30 silly registry.get     via: '1.1 varnish',
30 silly registry.get     age: '0',
30 silly registry.get     connection: 'keep-alive',
30 silly registry.get     'x-served-by': 'cache-dfw1828-DFW',
30 silly registry.get     'x-cache': 'HIT',
30 silly registry.get     'x-cache-hits': '1',
30 silly registry.get     'x-timer': 'S1433698874.484731,VS0,VE48',
30 silly registry.get     vary: 'Accept' } ]
31 silly addNameRange number 2 { name: 'jade', range: '*', hasData: true }
32 silly addNameRange versions [ 'jade',
32 silly addNameRange   [ '0.0.1',
32 silly addNameRange     '0.0.2',
32 silly addNameRange     '0.1.0',
32 silly addNameRange     '0.2.0',
32 silly addNameRange     '0.2.1',
32 silly addNameRange     '0.2.2',
32 silly addNameRange     '0.2.3',
32 silly addNameRange     '0.2.4',
32 silly addNameRange     '0.3.0',
32 silly addNameRange     '0.4.0',
32 silly addNameRange     '0.4.1',
32 silly addNameRange     '0.5.0',
32 silly addNameRange     '0.5.1',
32 silly addNameRange     '0.5.2',
32 silly addNameRange     '0.5.3',
32 silly addNameRange     '0.5.4',
32 silly addNameRange     '0.5.5',
32 silly addNameRange     '0.5.6',
32 silly addNameRange     '0.5.7',
32 silly addNameRange     '0.6.0',
32 silly addNameRange     '0.6.1',
32 silly addNameRange     '0.6.3',
32 silly addNameRange     '0.7.0',
32 silly addNameRange     '0.7.1',
32 silly addNameRange     '0.8.0',
32 silly addNameRange     '0.8.1',
32 silly addNameRange     '0.8.2',
32 silly addNameRange     '0.8.3',
32 silly addNameRange     '0.8.4',
32 silly addNameRange     '0.8.5',
32 silly addNameRange     '0.8.6',
32 silly addNameRange     '0.8.7',
32 silly addNameRange     '0.8.8',
32 silly addNameRange     '0.8.9',
32 silly addNameRange     '0.9.0',
32 silly addNameRange     '0.9.1',
32 silly addNameRange     '0.9.2',
32 silly addNameRange     '0.9.3',
32 silly addNameRange     '0.10.0',
32 silly addNameRange     '0.10.1',
32 silly addNameRange     '0.10.2',
32 silly addNameRange     '0.10.3',
32 silly addNameRange     '0.10.4',
32 silly addNameRange     '0.10.5',
32 silly addNameRange     '0.10.6',
32 silly addNameRange     '0.10.7',
32 silly addNameRange     '0.11.0',
32 silly addNameRange     '0.11.1',
32 silly addNameRange     '0.12.0',
32 silly addNameRange     '0.12.1',
32 silly addNameRange     '0.12.2',
32 silly addNameRange     '0.12.3',
32 silly addNameRange     '0.12.4',
32 silly addNameRange     '0.13.0',
32 silly addNameRange     '0.14.0',
32 silly addNameRange     '0.14.1',
32 silly addNameRange     '0.14.2',
32 silly addNameRange     '0.15.0',
32 silly addNameRange     '0.15.1',
32 silly addNameRange     '0.15.2',
32 silly addNameRange     '0.15.3',
32 silly addNameRange     '0.15.4',
32 silly addNameRange     '0.16.0',
32 silly addNameRange     '0.16.1',
32 silly addNameRange     '0.16.2',
32 silly addNameRange     '0.16.3',
32 silly addNameRange     '0.16.4',
32 silly addNameRange     '0.17.0',
32 silly addNameRange     '0.18.0',
32 silly addNameRange     '0.19.0',
32 silly addNameRange     '0.20.0',
32 silly addNameRange     '0.20.1',
32 silly addNameRange     '0.20.2',
32 silly addNameRange     '0.20.3',
32 silly addNameRange     '0.21.0',
32 silly addNameRange     '0.22.0',
32 silly addNameRange     '0.22.1',
32 silly addNameRange     '0.23.0',
32 silly addNameRange     '0.24.0',
32 silly addNameRange     '0.25.0',
32 silly addNameRange     '0.26.0',
32 silly addNameRange     '0.26.1',
32 silly addNameRange     '0.26.2',
32 silly addNameRange     '0.26.3',
32 silly addNameRange     '0.27.0',
32 silly addNameRange     '0.27.1',
32 silly addNameRange     '0.27.2',
32 silly addNameRange     '0.27.3',
32 silly addNameRange     '0.27.4',
32 silly addNameRange     '0.27.5',
32 silly addNameRange     '0.27.6',
32 silly addNameRange     '0.27.7',
32 silly addNameRange     '0.28.0',
32 silly addNameRange     '0.28.1',
32 silly addNameRange     '0.28.2',
32 silly addNameRange     '0.29.0',
32 silly addNameRange     '0.30.0',
32 silly addNameRange     '0.31.0',
32 silly addNameRange     '0.31.1',
32 silly addNameRange     '0.31.2',
32 silly addNameRange     '0.32.0',
32 silly addNameRange     '0.33.0',
32 silly addNameRange     '0.34.0',
32 silly addNameRange     '0.34.1',
32 silly addNameRange     '0.35.0',
32 silly addNameRange     '1.0.0',
32 silly addNameRange     '1.0.1',
32 silly addNameRange     '1.0.2',
32 silly addNameRange     '1.1.0',
32 silly addNameRange     '1.1.1',
32 silly addNameRange     '1.1.2',
32 silly addNameRange     '1.1.3',
32 silly addNameRange     '1.1.4',
32 silly addNameRange     '1.1.5',
32 silly addNameRange     '1.2.0',
32 silly addNameRange     '1.3.0',
32 silly addNameRange     '1.3.1',
32 silly addNameRange     '1.4.0',
32 silly addNameRange     '1.4.1',
32 silly addNameRange     '1.4.2',
32 silly addNameRange     '1.5.0',
32 silly addNameRange     '1.6.0',
32 silly addNameRange     '1.7.0',
32 silly addNameRange     '1.8.0',
32 silly addNameRange     '1.8.1',
32 silly addNameRange     '1.8.2',
32 silly addNameRange     '1.9.0',
32 silly addNameRange     '1.9.1',
32 silly addNameRange     '1.9.2',
32 silly addNameRange     '1.10.0' ] ]
33 verbose addNamed [ 'jade', '1.10.0' ]
34 verbose addNamed [ '1.10.0', '1.10.0' ]
35 silly lockFile 9e9744d4-jade-1-10-0 jade@1.10.0
36 verbose lock jade@1.10.0 /Users/luisoscategui/.npm/9e9744d4-jade-1-10-0.lock
37 silly lockFile f1078546-y-npmjs-org-jade-jade-1-10-0-tgz https://registry.npmjs.org/jade/-/jade-1.10.0.tgz
38 verbose lock https://registry.npmjs.org/jade/-/jade-1.10.0.tgz /Users/luisoscategui/.npm/f1078546-y-npmjs-org-jade-jade-1-10-0-tgz.lock
39 verbose addRemoteTarball [ 'https://registry.npmjs.org/jade/-/jade-1.10.0.tgz',
39 verbose addRemoteTarball   '53b43f1128ed7ab62f48f598aa82c1424eaedce5' ]
40 info retry fetch attempt 1 at 12:44:38
41 verbose fetch to= /var/folders/pm/qwhj8n1n6kb6yybcndvlrw6w0000gn/T/npm-1731-Oo9oHyE8/registry.npmjs.org/jade/-/jade-1.10.0.tgz
42 http GET https://registry.npmjs.org/jade/-/jade-1.10.0.tgz
43 http 200 https://registry.npmjs.org/jade/-/jade-1.10.0.tgz
44 silly lockFile f1078546-y-npmjs-org-jade-jade-1-10-0-tgz https://registry.npmjs.org/jade/-/jade-1.10.0.tgz
45 silly lockFile f1078546-y-npmjs-org-jade-jade-1-10-0-tgz https://registry.npmjs.org/jade/-/jade-1.10.0.tgz
46 silly lockFile 9e9744d4-jade-1-10-0 jade@1.10.0
47 silly lockFile 9e9744d4-jade-1-10-0 jade@1.10.0
48 silly lockFile 51d481b2-jade jade@
49 silly lockFile 51d481b2-jade jade@
50 error Error: EACCES, mkdir '/Users/luisoscategui/.npm/jade/1.10.0'
50 error  { [Error: EACCES, mkdir '/Users/luisoscategui/.npm/jade/1.10.0']
50 error   errno: 3,
50 error   code: 'EACCES',
50 error   path: '/Users/luisoscategui/.npm/jade/1.10.0',
50 error   parent: 'meadowlark' }
51 error Please try running this command again as root/Administrator.
52 error System Darwin 14.3.0
53 error command "node" "/usr/local/bin/npm" "install" "jade" "--save"
54 error cwd /Users/luisoscategui/2015/Cursos/Practice/NodeExpress/WebDevelopmentWithNodeAndExpress/chapter03
55 error node -v v0.10.32
56 error npm -v 1.4.28
57 error path /Users/luisoscategui/.npm/jade/1.10.0
58 error code EACCES
59 error errno 3
60 error stack Error: EACCES, mkdir '/Users/luisoscategui/.npm/jade/1.10.0'
61 verbose exit [ 3, true ]
